This file contains any messages produced by compilers while
running configure, to aid debugging if configure makes a mistake.

It was created by butt configure 0.1.14, which was
generated by GNU Autoconf 2.69.  Invocation command line was

  $ ./configure 

## --------- ##
## Platform. ##
## --------- ##

hostname = moguya
uname -m = x86_64
uname -r = 14.1.0
uname -s = Darwin
uname -v = Darwin Kernel Version 14.1.0: Thu Feb 26 19:26:47 PST 2015; root:xnu-2782.10.73~1/RELEASE_X86_64

/usr/bin/uname -p = i386
/bin/uname -X     = unknown

/bin/arch              = unknown
/usr/bin/arch -k       = unknown
/usr/convex/getsysinfo = unknown
/usr/bin/hostinfo      = Mach kernel version:
	 Darwin Kernel Version 14.1.0: Thu Feb 26 19:26:47 PST 2015; root:xnu-2782.10.73~1/RELEASE_X86_64
Kernel configured for up to 4 processors.
2 processors are physically available.
4 processors are logically available.
Processor type: x86_64h (Intel x86-64h Haswell)
Processors active: 0 1 2 3
Primary memory available: 4.00 gigabytes
Default processor set: 231 tasks, 1255 threads, 4 processors
Load average: 1.79, Mach factor: 2.26
/bin/machine           = unknown
/usr/bin/oslevel       = unknown
/bin/universe          = unknown

PATH: /Users/tony/.opam/system/bin
PATH: /usr/local/sbin
PATH: /usr/local/bin
PATH: /Users/tony/.rbenv/shims
PATH: /usr/local/heroku/bin
PATH: /usr/local/bin
PATH: /usr/bin
PATH: /bin
PATH: /usr/sbin
PATH: /sbin
PATH: /opt/X11/bin
PATH: /Users/tony/.cabal/bin
PATH: /opt/devkitpro/devkitARM/bin
PATH: /Users/tony/.gem/ruby/1.9.1/bin/
PATH: /Users/tony/.rvm/bin
PATH: /Users/tony/.gem/ruby/1.9.1/bin
PATH: /home/tony/src/gocode/bin
PATH: /Users/tony/bin/


## ----------- ##
## Core tests. ##
## ----------- ##

configure:2307: checking for a BSD-compatible install
configure:2375: result: /usr/bin/install -c
configure:2386: checking whether build environment is sane
configure:2441: result: yes
configure:2479: WARNING: 'missing' script is too old or missing
configure:2592: checking for a thread-safe mkdir -p
configure:2631: result: ./install-sh -c -d
configure:2638: checking for gawk
configure:2668: result: no
configure:2638: checking for mawk
configure:2668: result: no
configure:2638: checking for nawk
configure:2668: result: no
configure:2638: checking for awk
configure:2654: found /usr/bin/awk
configure:2665: result: awk
configure:2676: checking whether make sets $(MAKE)
configure:2698: result: yes
configure:2727: checking whether make supports nested variables
configure:2744: result: yes
configure:2933: checking for g++
configure:2949: found /usr/bin/g++
configure:2960: result: g++
configure:2987: checking for C++ compiler version
configure:2996: g++ --version >&5
Apple LLVM version 6.0 (clang-600.0.56) (based on LLVM 3.5svn)
Target: x86_64-apple-darwin14.1.0
Thread model: posix
Configured with: --prefix=/Applications/Xcode.app/Contents/Developer/usr --with-gxx-include-dir=/usr/include/c++/4.2.1
configure:3007: $? = 0
configure:2996: g++ -v >&5
Configured with: --prefix=/Applications/Xcode.app/Contents/Developer/usr --with-gxx-include-dir=/usr/include/c++/4.2.1
Apple LLVM version 6.0 (clang-600.0.56) (based on LLVM 3.5svn)
Target: x86_64-apple-darwin14.1.0
Thread model: posix
configure:3007: $? = 0
configure:2996: g++ -V >&5
clang: error: argument to '-V' is missing (expected 1 value)
clang: error: no input files
configure:3007: $? = 1
configure:2996: g++ -qversion >&5
clang: error: unknown argument: '-qversion'
clang: error: no input files
configure:3007: $? = 1
configure:3027: checking whether the C++ compiler works
configure:3049: g++    conftest.cpp  >&5
configure:3053: $? = 0
configure:3101: result: yes
configure:3104: checking for C++ compiler default output file name
configure:3106: result: a.out
configure:3112: checking for suffix of executables
configure:3119: g++ -o conftest    conftest.cpp  >&5
configure:3123: $? = 0
configure:3145: result: 
configure:3167: checking whether we are cross compiling
configure:3175: g++ -o conftest    conftest.cpp  >&5
configure:3179: $? = 0
configure:3186: ./conftest
configure:3190: $? = 0
configure:3205: result: no
configure:3210: checking for suffix of object files
configure:3232: g++ -c   conftest.cpp >&5
configure:3236: $? = 0
configure:3257: result: o
configure:3261: checking whether we are using the GNU C++ compiler
configure:3280: g++ -c   conftest.cpp >&5
configure:3280: $? = 0
configure:3289: result: yes
configure:3298: checking whether g++ accepts -g
configure:3318: g++ -c -g  conftest.cpp >&5
configure:3318: $? = 0
configure:3359: result: yes
configure:3393: checking for style of include used by make
configure:3421: result: GNU
configure:3447: checking dependency style of g++
configure:3558: result: gcc3
configure:3621: checking for gcc
configure:3637: found /usr/bin/gcc
configure:3648: result: gcc
configure:3877: checking for C compiler version
configure:3886: gcc --version >&5
Apple LLVM version 6.0 (clang-600.0.56) (based on LLVM 3.5svn)
Target: x86_64-apple-darwin14.1.0
Thread model: posix
Configured with: --prefix=/Applications/Xcode.app/Contents/Developer/usr --with-gxx-include-dir=/usr/include/c++/4.2.1
configure:3897: $? = 0
configure:3886: gcc -v >&5
Configured with: --prefix=/Applications/Xcode.app/Contents/Developer/usr --with-gxx-include-dir=/usr/include/c++/4.2.1
Apple LLVM version 6.0 (clang-600.0.56) (based on LLVM 3.5svn)
Target: x86_64-apple-darwin14.1.0
Thread model: posix
configure:3897: $? = 0
configure:3886: gcc -V >&5
clang: error: argument to '-V' is missing (expected 1 value)
clang: error: no input files
configure:3897: $? = 1
configure:3886: gcc -qversion >&5
clang: error: unknown argument: '-qversion'
clang: error: no input files
configure:3897: $? = 1
configure:3901: checking whether we are using the GNU C compiler
configure:3920: gcc -c   conftest.c >&5
configure:3920: $? = 0
configure:3929: result: yes
configure:3938: checking whether gcc accepts -g
configure:3958: gcc -c -g  conftest.c >&5
configure:3958: $? = 0
configure:3999: result: yes
configure:4016: checking for gcc option to accept ISO C89
configure:4079: gcc  -c -g -O2  conftest.c >&5
configure:4079: $? = 0
configure:4092: result: none needed
configure:4117: checking whether gcc understands -c and -o together
configure:4139: gcc -c conftest.c -o conftest2.o
configure:4142: $? = 0
configure:4139: gcc -c conftest.c -o conftest2.o
configure:4142: $? = 0
configure:4154: result: yes
configure:4173: checking dependency style of gcc
configure:4284: result: gcc3
configure:4304: checking for ogg_stream_init in -logg
configure:4329: gcc -o conftest -g -O2   -L/usr/local/lib conftest.c -logg   >&5
configure:4329: $? = 0
configure:4338: result: yes
configure:4352: checking for vorbis_info_init in -lvorbis
configure:4377: gcc -o conftest -g -O2   -L/usr/local/lib conftest.c -lvorbis  -logg  >&5
configure:4377: $? = 0
configure:4386: result: yes
configure:4400: checking for vorbis_encode_init in -lvorbisenc
configure:4425: gcc -o conftest -g -O2   -L/usr/local/lib conftest.c -lvorbisenc  -lvorbis -logg  >&5
configure:4425: $? = 0
configure:4434: result: yes
configure:4448: checking for opus_encoder_create in -lopus
configure:4473: gcc -o conftest -g -O2   -L/usr/local/lib conftest.c -lopus  -lvorbisenc -lvorbis -logg  >&5
configure:4473: $? = 0
configure:4482: result: yes
configure:4496: checking for lame_init in -lmp3lame
configure:4521: gcc -o conftest -g -O2   -L/usr/local/lib conftest.c -lmp3lame  -lopus -lvorbisenc -lvorbis -logg  >&5
configure:4521: $? = 0
configure:4530: result: yes
configure:4545: checking for FLAC__stream_encoder_new in -lFLAC
configure:4570: gcc -o conftest -g -O2   -L/usr/local/lib conftest.c -lFLAC  -lmp3lame -lopus -lvorbisenc -lvorbis -logg  >&5
configure:4570: $? = 0
configure:4579: result: yes
configure:4593: checking for Pa_Initialize in -lportaudio
configure:4618: gcc -o conftest -g -O2   -L/usr/local/lib conftest.c -lportaudio  -lFLAC -lmp3lame -lopus -lvorbisenc -lvorbis -logg  >&5
configure:4618: $? = 0
configure:4627: result: yes
configure:4641: checking for pthread_create in -lpthread
configure:4666: gcc -o conftest -g -O2   -L/usr/local/lib conftest.c -lpthread  -lportaudio -lFLAC -lmp3lame -lopus -lvorbisenc -lvorbis -logg  >&5
configure:4666: $? = 0
configure:4675: result: yes
configure:4689: checking for src_new in -lsamplerate
configure:4714: gcc -o conftest -g -O2   -L/usr/local/lib conftest.c -lsamplerate  -lpthread -lportaudio -lFLAC -lmp3lame -lopus -lvorbisenc -lvorbis -logg  >&5
configure:4714: $? = 0
configure:4723: result: yes
configure:4743: checking how to run the C preprocessor
configure:4774: gcc -E  conftest.c
configure:4774: $? = 0
configure:4788: gcc -E  conftest.c
conftest.c:20:10: fatal error: 'ac_nonexistent.h' file not found
#include <ac_nonexistent.h>
         ^
1 error generated.
configure:4788: $? = 1
configure: failed program was:
| /* confdefs.h */
| #define PACKAGE_NAME "butt"
| #define PACKAGE_TARNAME "butt"
| #define PACKAGE_VERSION "0.1.14"
| #define PACKAGE_STRING "butt 0.1.14"
| #define PACKAGE_BUGREPORT "BUG-REPORT-ADDRESS"
| #define PACKAGE_URL ""
| #define PACKAGE "butt"
| #define VERSION "0.1.14"
| #define HAVE_LIBOGG 1
| #define HAVE_LIBVORBIS 1
| #define HAVE_LIBVORBISENC 1
| #define HAVE_LIBOPUS 1
| #define HAVE_LIBMP3LAME 1
| #define HAVE_LIBFLAC 1
| #define HAVE_LIBPORTAUDIO 1
| #define HAVE_LIBPTHREAD 1
| #define HAVE_LIBSAMPLERATE 1
| /* end confdefs.h.  */
| #include <ac_nonexistent.h>
configure:4813: result: gcc -E
configure:4833: gcc -E  conftest.c
configure:4833: $? = 0
configure:4847: gcc -E  conftest.c
conftest.c:20:10: fatal error: 'ac_nonexistent.h' file not found
#include <ac_nonexistent.h>
         ^
1 error generated.
configure:4847: $? = 1
configure: failed program was:
| /* confdefs.h */
| #define PACKAGE_NAME "butt"
| #define PACKAGE_TARNAME "butt"
| #define PACKAGE_VERSION "0.1.14"
| #define PACKAGE_STRING "butt 0.1.14"
| #define PACKAGE_BUGREPORT "BUG-REPORT-ADDRESS"
| #define PACKAGE_URL ""
| #define PACKAGE "butt"
| #define VERSION "0.1.14"
| #define HAVE_LIBOGG 1
| #define HAVE_LIBVORBIS 1
| #define HAVE_LIBVORBISENC 1
| #define HAVE_LIBOPUS 1
| #define HAVE_LIBMP3LAME 1
| #define HAVE_LIBFLAC 1
| #define HAVE_LIBPORTAUDIO 1
| #define HAVE_LIBPTHREAD 1
| #define HAVE_LIBSAMPLERATE 1
| /* end confdefs.h.  */
| #include <ac_nonexistent.h>
configure:4876: checking for grep that handles long lines and -e
configure:4934: result: /usr/bin/grep
configure:4939: checking for egrep
configure:5001: result: /usr/bin/grep -E
configure:5006: checking for ANSI C header files
configure:5026: gcc -c -g -O2  conftest.c >&5
configure:5026: $? = 0
configure:5099: gcc -o conftest -g -O2   -L/usr/local/lib conftest.c -lsamplerate -lpthread -lportaudio -lFLAC -lmp3lame -lopus -lvorbisenc -lvorbis -logg  >&5
configure:5099: $? = 0
configure:5099: ./conftest
configure:5099: $? = 0
configure:5110: result: yes
configure:5123: checking for sys/types.h
configure:5123: gcc -c -g -O2  conftest.c >&5
configure:5123: $? = 0
configure:5123: result: yes
configure:5123: checking for sys/stat.h
configure:5123: gcc -c -g -O2  conftest.c >&5
configure:5123: $? = 0
configure:5123: result: yes
configure:5123: checking for stdlib.h
configure:5123: gcc -c -g -O2  conftest.c >&5
configure:5123: $? = 0
configure:5123: result: yes
configure:5123: checking for string.h
configure:5123: gcc -c -g -O2  conftest.c >&5
configure:5123: $? = 0
configure:5123: result: yes
configure:5123: checking for memory.h
configure:5123: gcc -c -g -O2  conftest.c >&5
configure:5123: $? = 0
configure:5123: result: yes
configure:5123: checking for strings.h
configure:5123: gcc -c -g -O2  conftest.c >&5
configure:5123: $? = 0
configure:5123: result: yes
configure:5123: checking for inttypes.h
configure:5123: gcc -c -g -O2  conftest.c >&5
configure:5123: $? = 0
configure:5123: result: yes
configure:5123: checking for stdint.h
configure:5123: gcc -c -g -O2  conftest.c >&5
configure:5123: $? = 0
configure:5123: result: yes
configure:5123: checking for unistd.h
configure:5123: gcc -c -g -O2  conftest.c >&5
configure:5123: $? = 0
configure:5123: result: yes
configure:5135: checking winsock2.h usability
configure:5135: gcc -c -g -O2  conftest.c >&5
conftest.c:63:10: fatal error: 'winsock2.h' file not found
#include <winsock2.h>
         ^
1 error generated.
configure:5135: $? = 1
configure: failed program was:
| /* confdefs.h */
| #define PACKAGE_NAME "butt"
| #define PACKAGE_TARNAME "butt"
| #define PACKAGE_VERSION "0.1.14"
| #define PACKAGE_STRING "butt 0.1.14"
| #define PACKAGE_BUGREPORT "BUG-REPORT-ADDRESS"
| #define PACKAGE_URL ""
| #define PACKAGE "butt"
| #define VERSION "0.1.14"
| #define HAVE_LIBOGG 1
| #define HAVE_LIBVORBIS 1
| #define HAVE_LIBVORBISENC 1
| #define HAVE_LIBOPUS 1
| #define HAVE_LIBMP3LAME 1
| #define HAVE_LIBFLAC 1
| #define HAVE_LIBPORTAUDIO 1
| #define HAVE_LIBPTHREAD 1
| #define HAVE_LIBSAMPLERATE 1
| #define STDC_HEADERS 1
| #define HAVE_SYS_TYPES_H 1
| #define HAVE_SYS_STAT_H 1
| #define HAVE_STDLIB_H 1
| #define HAVE_STRING_H 1
| #define HAVE_MEMORY_H 1
| #define HAVE_STRINGS_H 1
| #define HAVE_INTTYPES_H 1
| #define HAVE_STDINT_H 1
| #define HAVE_UNISTD_H 1
| /* end confdefs.h.  */
| #include <stdio.h>
| #ifdef HAVE_SYS_TYPES_H
| # include <sys/types.h>
| #endif
| #ifdef HAVE_SYS_STAT_H
| # include <sys/stat.h>
| #endif
| #ifdef STDC_HEADERS
| # include <stdlib.h>
| # include <stddef.h>
| #else
| # ifdef HAVE_STDLIB_H
| #  include <stdlib.h>
| # endif
| #endif
| #ifdef HAVE_STRING_H
| # if !defined STDC_HEADERS && defined HAVE_MEMORY_H
| #  include <memory.h>
| # endif
| # include <string.h>
| #endif
| #ifdef HAVE_STRINGS_H
| # include <strings.h>
| #endif
| #ifdef HAVE_INTTYPES_H
| # include <inttypes.h>
| #endif
| #ifdef HAVE_STDINT_H
| # include <stdint.h>
| #endif
| #ifdef HAVE_UNISTD_H
| # include <unistd.h>
| #endif
| #include <winsock2.h>
configure:5135: result: no
configure:5135: checking winsock2.h presence
configure:5135: gcc -E  conftest.c
conftest.c:30:10: fatal error: 'winsock2.h' file not found
#include <winsock2.h>
         ^
1 error generated.
configure:5135: $? = 1
configure: failed program was:
| /* confdefs.h */
| #define PACKAGE_NAME "butt"
| #define PACKAGE_TARNAME "butt"
| #define PACKAGE_VERSION "0.1.14"
| #define PACKAGE_STRING "butt 0.1.14"
| #define PACKAGE_BUGREPORT "BUG-REPORT-ADDRESS"
| #define PACKAGE_URL ""
| #define PACKAGE "butt"
| #define VERSION "0.1.14"
| #define HAVE_LIBOGG 1
| #define HAVE_LIBVORBIS 1
| #define HAVE_LIBVORBISENC 1
| #define HAVE_LIBOPUS 1
| #define HAVE_LIBMP3LAME 1
| #define HAVE_LIBFLAC 1
| #define HAVE_LIBPORTAUDIO 1
| #define HAVE_LIBPTHREAD 1
| #define HAVE_LIBSAMPLERATE 1
| #define STDC_HEADERS 1
| #define HAVE_SYS_TYPES_H 1
| #define HAVE_SYS_STAT_H 1
| #define HAVE_STDLIB_H 1
| #define HAVE_STRING_H 1
| #define HAVE_MEMORY_H 1
| #define HAVE_STRINGS_H 1
| #define HAVE_INTTYPES_H 1
| #define HAVE_STDINT_H 1
| #define HAVE_UNISTD_H 1
| /* end confdefs.h.  */
| #include <winsock2.h>
configure:5135: result: no
configure:5135: checking for winsock2.h
configure:5135: result: no
configure:5155: checking for fltk-config
configure:5171: found /usr/local/bin/fltk-config
configure:5182: result: fltk-config
configure:5192: checking for main in -lfltk
configure:5211: gcc -o conftest -g -O2   -L/usr/local/lib conftest.c -lfltk  -lsamplerate -lpthread -lportaudio -lFLAC -lmp3lame -lopus -lvorbisenc -lvorbis -logg  >&5
configure:5211: $? = 0
configure:5220: result: yes
configure:5239: checking for X
configure:5347: gcc -E  conftest.c
conftest.c:30:10: fatal error: 'X11/Xlib.h' file not found
#include <X11/Xlib.h>
         ^
1 error generated.
configure:5347: $? = 1
configure: failed program was:
| /* confdefs.h */
| #define PACKAGE_NAME "butt"
| #define PACKAGE_TARNAME "butt"
| #define PACKAGE_VERSION "0.1.14"
| #define PACKAGE_STRING "butt 0.1.14"
| #define PACKAGE_BUGREPORT "BUG-REPORT-ADDRESS"
| #define PACKAGE_URL ""
| #define PACKAGE "butt"
| #define VERSION "0.1.14"
| #define HAVE_LIBOGG 1
| #define HAVE_LIBVORBIS 1
| #define HAVE_LIBVORBISENC 1
| #define HAVE_LIBOPUS 1
| #define HAVE_LIBMP3LAME 1
| #define HAVE_LIBFLAC 1
| #define HAVE_LIBPORTAUDIO 1
| #define HAVE_LIBPTHREAD 1
| #define HAVE_LIBSAMPLERATE 1
| #define STDC_HEADERS 1
| #define HAVE_SYS_TYPES_H 1
| #define HAVE_SYS_STAT_H 1
| #define HAVE_STDLIB_H 1
| #define HAVE_STRING_H 1
| #define HAVE_MEMORY_H 1
| #define HAVE_STRINGS_H 1
| #define HAVE_INTTYPES_H 1
| #define HAVE_STDINT_H 1
| #define HAVE_UNISTD_H 1
| /* end confdefs.h.  */
| #include <X11/Xlib.h>
configure:5378: gcc -o conftest -g -O2   -L/usr/local/lib conftest.c -lX11 -lsamplerate -lpthread -lportaudio -lFLAC -lmp3lame -lopus -lvorbisenc -lvorbis -logg  -L/usr/local/Cellar/fltk/1.3.3/lib -lfltk_images -lpng -lz -ljpeg -lfltk -lpthread -framework Cocoa >&5
conftest.c:30:10: fatal error: 'X11/Xlib.h' file not found
#include <X11/Xlib.h>
         ^
1 error generated.
configure:5378: $? = 1
configure: failed program was:
| /* confdefs.h */
| #define PACKAGE_NAME "butt"
| #define PACKAGE_TARNAME "butt"
| #define PACKAGE_VERSION "0.1.14"
| #define PACKAGE_STRING "butt 0.1.14"
| #define PACKAGE_BUGREPORT "BUG-REPORT-ADDRESS"
| #define PACKAGE_URL ""
| #define PACKAGE "butt"
| #define VERSION "0.1.14"
| #define HAVE_LIBOGG 1
| #define HAVE_LIBVORBIS 1
| #define HAVE_LIBVORBISENC 1
| #define HAVE_LIBOPUS 1
| #define HAVE_LIBMP3LAME 1
| #define HAVE_LIBFLAC 1
| #define HAVE_LIBPORTAUDIO 1
| #define HAVE_LIBPTHREAD 1
| #define HAVE_LIBSAMPLERATE 1
| #define STDC_HEADERS 1
| #define HAVE_SYS_TYPES_H 1
| #define HAVE_SYS_STAT_H 1
| #define HAVE_STDLIB_H 1
| #define HAVE_STRING_H 1
| #define HAVE_MEMORY_H 1
| #define HAVE_STRINGS_H 1
| #define HAVE_INTTYPES_H 1
| #define HAVE_STDINT_H 1
| #define HAVE_UNISTD_H 1
| /* end confdefs.h.  */
| #include <X11/Xlib.h>
| int
| main ()
| {
| XrmInitialize ()
|   ;
|   return 0;
| }
configure:5417: result: no
configure:5435: checking fcntl.h usability
configure:5435: gcc -c -g -O2  conftest.c >&5
configure:5435: $? = 0
configure:5435: result: yes
configure:5435: checking fcntl.h presence
configure:5435: gcc -E  conftest.c
configure:5435: $? = 0
configure:5435: result: yes
configure:5435: checking for fcntl.h
configure:5435: result: yes
configure:5435: checking limits.h usability
configure:5435: gcc -c -g -O2  conftest.c >&5
configure:5435: $? = 0
configure:5435: result: yes
configure:5435: checking limits.h presence
configure:5435: gcc -E  conftest.c
configure:5435: $? = 0
configure:5435: result: yes
configure:5435: checking for limits.h
configure:5435: result: yes
configure:5435: checking netdb.h usability
configure:5435: gcc -c -g -O2  conftest.c >&5
configure:5435: $? = 0
configure:5435: result: yes
configure:5435: checking netdb.h presence
configure:5435: gcc -E  conftest.c
configure:5435: $? = 0
configure:5435: result: yes
configure:5435: checking for netdb.h
configure:5435: result: yes
configure:5435: checking netinet/in.h usability
configure:5435: gcc -c -g -O2  conftest.c >&5
configure:5435: $? = 0
configure:5435: result: yes
configure:5435: checking netinet/in.h presence
configure:5435: gcc -E  conftest.c
configure:5435: $? = 0
configure:5435: result: yes
configure:5435: checking for netinet/in.h
configure:5435: result: yes
configure:5435: checking for stdlib.h
configure:5435: result: yes
configure:5435: checking for string.h
configure:5435: result: yes
configure:5435: checking sys/socket.h usability
configure:5435: gcc -c -g -O2  conftest.c >&5
configure:5435: $? = 0
configure:5435: result: yes
configure:5435: checking sys/socket.h presence
configure:5435: gcc -E  conftest.c
configure:5435: $? = 0
configure:5435: result: yes
configure:5435: checking for sys/socket.h
configure:5435: result: yes
configure:5435: checking for unistd.h
configure:5435: result: yes
configure:5447: checking for stdbool.h that conforms to C99
configure:5514: gcc -c -g -O2  conftest.c >&5
configure:5514: $? = 0
configure:5521: result: yes
configure:5523: checking for _Bool
configure:5523: gcc -c -g -O2  conftest.c >&5
configure:5523: $? = 0
configure:5523: gcc -c -g -O2  conftest.c >&5
conftest.c:74:20: error: expected expression
if (sizeof ((_Bool)))
                   ^
1 error generated.
configure:5523: $? = 1
configure: failed program was:
| /* confdefs.h */
| #define PACKAGE_NAME "butt"
| #define PACKAGE_TARNAME "butt"
| #define PACKAGE_VERSION "0.1.14"
| #define PACKAGE_STRING "butt 0.1.14"
| #define PACKAGE_BUGREPORT "BUG-REPORT-ADDRESS"
| #define PACKAGE_URL ""
| #define PACKAGE "butt"
| #define VERSION "0.1.14"
| #define HAVE_LIBOGG 1
| #define HAVE_LIBVORBIS 1
| #define HAVE_LIBVORBISENC 1
| #define HAVE_LIBOPUS 1
| #define HAVE_LIBMP3LAME 1
| #define HAVE_LIBFLAC 1
| #define HAVE_LIBPORTAUDIO 1
| #define HAVE_LIBPTHREAD 1
| #define HAVE_LIBSAMPLERATE 1
| #define STDC_HEADERS 1
| #define HAVE_SYS_TYPES_H 1
| #define HAVE_SYS_STAT_H 1
| #define HAVE_STDLIB_H 1
| #define HAVE_STRING_H 1
| #define HAVE_MEMORY_H 1
| #define HAVE_STRINGS_H 1
| #define HAVE_INTTYPES_H 1
| #define HAVE_STDINT_H 1
| #define HAVE_UNISTD_H 1
| #define HAVE_FCNTL_H 1
| #define HAVE_LIMITS_H 1
| #define HAVE_NETDB_H 1
| #define HAVE_NETINET_IN_H 1
| #define HAVE_STDLIB_H 1
| #define HAVE_STRING_H 1
| #define HAVE_SYS_SOCKET_H 1
| #define HAVE_UNISTD_H 1
| /* end confdefs.h.  */
| #include <stdio.h>
| #ifdef HAVE_SYS_TYPES_H
| # include <sys/types.h>
| #endif
| #ifdef HAVE_SYS_STAT_H
| # include <sys/stat.h>
| #endif
| #ifdef STDC_HEADERS
| # include <stdlib.h>
| # include <stddef.h>
| #else
| # ifdef HAVE_STDLIB_H
| #  include <stdlib.h>
| # endif
| #endif
| #ifdef HAVE_STRING_H
| # if !defined STDC_HEADERS && defined HAVE_MEMORY_H
| #  include <memory.h>
| # endif
| # include <string.h>
| #endif
| #ifdef HAVE_STRINGS_H
| # include <strings.h>
| #endif
| #ifdef HAVE_INTTYPES_H
| # include <inttypes.h>
| #endif
| #ifdef HAVE_STDINT_H
| # include <stdint.h>
| #endif
| #ifdef HAVE_UNISTD_H
| # include <unistd.h>
| #endif
| int
| main ()
| {
| if (sizeof ((_Bool)))
| 	    return 0;
|   ;
|   return 0;
| }
configure:5523: result: yes
configure:5540: checking for inline
configure:5556: gcc -c -g -O2  conftest.c >&5
configure:5556: $? = 0
configure:5564: result: inline
configure:5586: checking for stdlib.h
configure:5586: result: yes
configure:5596: checking for GNU libc compatible malloc
configure:5620: gcc -o conftest -g -O2   -L/usr/local/lib conftest.c -lsamplerate -lpthread -lportaudio -lFLAC -lmp3lame -lopus -lvorbisenc -lvorbis -logg  -L/usr/local/Cellar/fltk/1.3.3/lib -lfltk_images -lpng -lz -ljpeg -lfltk -lpthread -framework Cocoa >&5
configure:5620: $? = 0
configure:5620: ./conftest
configure:5620: $? = 0
configure:5630: result: yes
configure:5653: checking for stdlib.h
configure:5653: result: yes
configure:5663: checking for GNU libc compatible realloc
configure:5687: gcc -o conftest -g -O2   -L/usr/local/lib conftest.c -lsamplerate -lpthread -lportaudio -lFLAC -lmp3lame -lopus -lvorbisenc -lvorbis -logg  -L/usr/local/Cellar/fltk/1.3.3/lib -lfltk_images -lpng -lz -ljpeg -lfltk -lpthread -framework Cocoa >&5
configure:5687: $? = 0
configure:5687: ./conftest
configure:5687: $? = 0
configure:5697: result: yes
configure:5721: checking for gethostbyaddr
configure:5721: gcc -o conftest -g -O2   -L/usr/local/lib conftest.c -lsamplerate -lpthread -lportaudio -lFLAC -lmp3lame -lopus -lvorbisenc -lvorbis -logg  -L/usr/local/Cellar/fltk/1.3.3/lib -lfltk_images -lpng -lz -ljpeg -lfltk -lpthread -framework Cocoa >&5
configure:5721: $? = 0
configure:5721: result: yes
configure:5721: checking for gethostbyname
configure:5721: gcc -o conftest -g -O2   -L/usr/local/lib conftest.c -lsamplerate -lpthread -lportaudio -lFLAC -lmp3lame -lopus -lvorbisenc -lvorbis -logg  -L/usr/local/Cellar/fltk/1.3.3/lib -lfltk_images -lpng -lz -ljpeg -lfltk -lpthread -framework Cocoa >&5
configure:5721: $? = 0
configure:5721: result: yes
configure:5721: checking for memset
configure:5721: gcc -o conftest -g -O2   -L/usr/local/lib conftest.c -lsamplerate -lpthread -lportaudio -lFLAC -lmp3lame -lopus -lvorbisenc -lvorbis -logg  -L/usr/local/Cellar/fltk/1.3.3/lib -lfltk_images -lpng -lz -ljpeg -lfltk -lpthread -framework Cocoa >&5
conftest.c:69:6: warning: incompatible redeclaration of library function 'memset' [-Wincompatible-library-redeclaration]
char memset ();
     ^
conftest.c:69:6: note: 'memset' is a builtin with type 'void *(void *, int, unsigned long)'
1 warning generated.
configure:5721: $? = 0
configure:5721: result: yes
configure:5721: checking for pow
configure:5721: gcc -o conftest -g -O2   -L/usr/local/lib conftest.c -lsamplerate -lpthread -lportaudio -lFLAC -lmp3lame -lopus -lvorbisenc -lvorbis -logg  -L/usr/local/Cellar/fltk/1.3.3/lib -lfltk_images -lpng -lz -ljpeg -lfltk -lpthread -framework Cocoa >&5
conftest.c:70:6: warning: incompatible redeclaration of library function 'pow' [-Wincompatible-library-redeclaration]
char pow ();
     ^
conftest.c:70:6: note: 'pow' is a builtin with type 'double (double, double)'
1 warning generated.
configure:5721: $? = 0
configure:5721: result: yes
configure:5721: checking for select
configure:5721: gcc -o conftest -g -O2   -L/usr/local/lib conftest.c -lsamplerate -lpthread -lportaudio -lFLAC -lmp3lame -lopus -lvorbisenc -lvorbis -logg  -L/usr/local/Cellar/fltk/1.3.3/lib -lfltk_images -lpng -lz -ljpeg -lfltk -lpthread -framework Cocoa >&5
configure:5721: $? = 0
configure:5721: result: yes
configure:5721: checking for socket
configure:5721: gcc -o conftest -g -O2   -L/usr/local/lib conftest.c -lsamplerate -lpthread -lportaudio -lFLAC -lmp3lame -lopus -lvorbisenc -lvorbis -logg  -L/usr/local/Cellar/fltk/1.3.3/lib -lfltk_images -lpng -lz -ljpeg -lfltk -lpthread -framework Cocoa >&5
configure:5721: $? = 0
configure:5721: result: yes
configure:5721: checking for strchr
configure:5721: gcc -o conftest -g -O2   -L/usr/local/lib conftest.c -lsamplerate -lpthread -lportaudio -lFLAC -lmp3lame -lopus -lvorbisenc -lvorbis -logg  -L/usr/local/Cellar/fltk/1.3.3/lib -lfltk_images -lpng -lz -ljpeg -lfltk -lpthread -framework Cocoa >&5
conftest.c:73:6: warning: incompatible redeclaration of library function 'strchr' [-Wincompatible-library-redeclaration]
char strchr ();
     ^
conftest.c:73:6: note: 'strchr' is a builtin with type 'char *(const char *, int)'
1 warning generated.
configure:5721: $? = 0
configure:5721: result: yes
configure:5721: checking for strdup
configure:5721: gcc -o conftest -g -O2   -L/usr/local/lib conftest.c -lsamplerate -lpthread -lportaudio -lFLAC -lmp3lame -lopus -lvorbisenc -lvorbis -logg  -L/usr/local/Cellar/fltk/1.3.3/lib -lfltk_images -lpng -lz -ljpeg -lfltk -lpthread -framework Cocoa >&5
conftest.c:74:6: warning: incompatible redeclaration of library function 'strdup' [-Wincompatible-library-redeclaration]
char strdup ();
     ^
conftest.c:74:6: note: 'strdup' is a builtin with type 'char *(const char *)'
1 warning generated.
configure:5721: $? = 0
configure:5721: result: yes
configure:5721: checking for strpbrk
configure:5721: gcc -o conftest -g -O2   -L/usr/local/lib conftest.c -lsamplerate -lpthread -lportaudio -lFLAC -lmp3lame -lopus -lvorbisenc -lvorbis -logg  -L/usr/local/Cellar/fltk/1.3.3/lib -lfltk_images -lpng -lz -ljpeg -lfltk -lpthread -framework Cocoa >&5
conftest.c:75:6: warning: incompatible redeclaration of library function 'strpbrk' [-Wincompatible-library-redeclaration]
char strpbrk ();
     ^
conftest.c:75:6: note: 'strpbrk' is a builtin with type 'char *(const char *, const char *)'
1 warning generated.
configure:5721: $? = 0
configure:5721: result: yes
configure:5721: checking for strrchr
configure:5721: gcc -o conftest -g -O2   -L/usr/local/lib conftest.c -lsamplerate -lpthread -lportaudio -lFLAC -lmp3lame -lopus -lvorbisenc -lvorbis -logg  -L/usr/local/Cellar/fltk/1.3.3/lib -lfltk_images -lpng -lz -ljpeg -lfltk -lpthread -framework Cocoa >&5
conftest.c:76:6: warning: incompatible redeclaration of library function 'strrchr' [-Wincompatible-library-redeclaration]
char strrchr ();
     ^
conftest.c:76:6: note: 'strrchr' is a builtin with type 'char *(const char *, int)'
1 warning generated.
configure:5721: $? = 0
configure:5721: result: yes
configure:5721: checking for strstr
configure:5721: gcc -o conftest -g -O2   -L/usr/local/lib conftest.c -lsamplerate -lpthread -lportaudio -lFLAC -lmp3lame -lopus -lvorbisenc -lvorbis -logg  -L/usr/local/Cellar/fltk/1.3.3/lib -lfltk_images -lpng -lz -ljpeg -lfltk -lpthread -framework Cocoa >&5
conftest.c:77:6: warning: incompatible redeclaration of library function 'strstr' [-Wincompatible-library-redeclaration]
char strstr ();
     ^
conftest.c:77:6: note: 'strstr' is a builtin with type 'char *(const char *, const char *)'
1 warning generated.
configure:5721: $? = 0
configure:5721: result: yes
configure:5842: checking that generated files are newer than configure
configure:5848: result: done
configure:5879: creating ./config.status

## ---------------------- ##
## Running config.status. ##
## ---------------------- ##

This file was extended by butt config.status 0.1.14, which was
generated by GNU Autoconf 2.69.  Invocation command line was

  CONFIG_FILES    = 
  CONFIG_HEADERS  = 
  CONFIG_LINKS    = 
  CONFIG_COMMANDS = 
  $ ./config.status 

on moguya

config.status:898: creating Makefile
config.status:898: creating src/Makefile
config.status:898: creating config.h
config.status:1127: executing depfiles commands

## ---------------- ##
## Cache variables. ##
## ---------------- ##

ac_cv_c_compiler_gnu=yes
ac_cv_c_inline=inline
ac_cv_cxx_compiler_gnu=yes
ac_cv_env_CCC_set=
ac_cv_env_CCC_value=
ac_cv_env_CC_set=
ac_cv_env_CC_value=
ac_cv_env_CFLAGS_set=
ac_cv_env_CFLAGS_value=
ac_cv_env_CPPFLAGS_set=
ac_cv_env_CPPFLAGS_value=
ac_cv_env_CPP_set=
ac_cv_env_CPP_value=
ac_cv_env_CXXFLAGS_set=
ac_cv_env_CXXFLAGS_value=
ac_cv_env_CXX_set=
ac_cv_env_CXX_value=
ac_cv_env_LDFLAGS_set=
ac_cv_env_LDFLAGS_value=
ac_cv_env_LIBS_set=
ac_cv_env_LIBS_value=
ac_cv_env_XMKMF_set=
ac_cv_env_XMKMF_value=
ac_cv_env_build_alias_set=
ac_cv_env_build_alias_value=
ac_cv_env_host_alias_set=
ac_cv_env_host_alias_value=
ac_cv_env_target_alias_set=
ac_cv_env_target_alias_value=
ac_cv_func_gethostbyaddr=yes
ac_cv_func_gethostbyname=yes
ac_cv_func_malloc_0_nonnull=yes
ac_cv_func_memset=yes
ac_cv_func_pow=yes
ac_cv_func_realloc_0_nonnull=yes
ac_cv_func_select=yes
ac_cv_func_socket=yes
ac_cv_func_strchr=yes
ac_cv_func_strdup=yes
ac_cv_func_strpbrk=yes
ac_cv_func_strrchr=yes
ac_cv_func_strstr=yes
ac_cv_have_x=have_x=no
ac_cv_header_fcntl_h=yes
ac_cv_header_inttypes_h=yes
ac_cv_header_limits_h=yes
ac_cv_header_memory_h=yes
ac_cv_header_netdb_h=yes
ac_cv_header_netinet_in_h=yes
ac_cv_header_stdbool_h=yes
ac_cv_header_stdc=yes
ac_cv_header_stdint_h=yes
ac_cv_header_stdlib_h=yes
ac_cv_header_string_h=yes
ac_cv_header_strings_h=yes
ac_cv_header_sys_socket_h=yes
ac_cv_header_sys_stat_h=yes
ac_cv_header_sys_types_h=yes
ac_cv_header_unistd_h=yes
ac_cv_header_winsock2_h=no
ac_cv_lib_FLAC_FLAC__stream_encoder_new=yes
ac_cv_lib_fltk_main=yes
ac_cv_lib_mp3lame_lame_init=yes
ac_cv_lib_ogg_ogg_stream_init=yes
ac_cv_lib_opus_opus_encoder_create=yes
ac_cv_lib_portaudio_Pa_Initialize=yes
ac_cv_lib_pthread_pthread_create=yes
ac_cv_lib_samplerate_src_new=yes
ac_cv_lib_vorbis_vorbis_info_init=yes
ac_cv_lib_vorbisenc_vorbis_encode_init=yes
ac_cv_objext=o
ac_cv_path_EGREP='/usr/bin/grep -E'
ac_cv_path_GREP=/usr/bin/grep
ac_cv_path_install='/usr/bin/install -c'
ac_cv_prog_AWK=awk
ac_cv_prog_CPP='gcc -E'
ac_cv_prog_FLTKCONFIG=fltk-config
ac_cv_prog_ac_ct_CC=gcc
ac_cv_prog_ac_ct_CXX=g++
ac_cv_prog_cc_c89=
ac_cv_prog_cc_g=yes
ac_cv_prog_cxx_g=yes
ac_cv_prog_make_make_set=yes
ac_cv_type__Bool=yes
am_cv_CC_dependencies_compiler_type=gcc3
am_cv_CXX_dependencies_compiler_type=gcc3
am_cv_make_support_nested_variables=yes
am_cv_prog_cc_c_o=yes

## ----------------- ##
## Output variables. ##
## ----------------- ##

ACLOCAL='aclocal-1.14'
AMDEPBACKSLASH='\'
AMDEP_FALSE='#'
AMDEP_TRUE=''
AMTAR='$${TAR-tar}'
AM_BACKSLASH='\'
AM_DEFAULT_V='$(AM_DEFAULT_VERBOSITY)'
AM_DEFAULT_VERBOSITY='1'
AM_V='$(V)'
AUTOCONF='autoconf'
AUTOHEADER='autoheader'
AUTOMAKE='automake-1.14'
AWK='awk'
CC='gcc'
CCDEPMODE='depmode=gcc3'
CFLAGS='-g -O2'
CPP='gcc -E'
CPPFLAGS=''
CXX='g++'
CXXDEPMODE='depmode=gcc3'
CXXFLAGS='-g -O2 -I/usr/local/Cellar/fltk/1.3.3/include -D_LARGEFILE_SOURCE -D_LARGEFILE64_SOURCE -D_THREAD_SAFE -D_REENTRANT'
CYGPATH_W='echo'
DEFS='-DHAVE_CONFIG_H'
DEPDIR='.deps'
ECHO_C='\c'
ECHO_N=''
ECHO_T=''
EGREP='/usr/bin/grep -E'
EXEEXT=''
FLTKCONFIG='fltk-config'
GREP='/usr/bin/grep'
INSTALL_DATA='${INSTALL} -m 644'
INSTALL_PROGRAM='${INSTALL}'
INSTALL_SCRIPT='${INSTALL}'
INSTALL_STRIP_PROGRAM='$(install_sh) -c -s'
LDFLAGS=' -L/usr/local/lib'
LIBOBJS=''
LIBS='-lsamplerate -lpthread -lportaudio -lFLAC -lmp3lame -lopus -lvorbisenc -lvorbis -logg  -L/usr/local/Cellar/fltk/1.3.3/lib -lfltk_images -lpng -lz -ljpeg -lfltk -lpthread -framework Cocoa'
LTLIBOBJS=''
MAKEINFO='makeinfo'
MKDIR_P='./install-sh -c -d'
OBJEXT='o'
PACKAGE='butt'
PACKAGE_BUGREPORT='BUG-REPORT-ADDRESS'
PACKAGE_NAME='butt'
PACKAGE_STRING='butt 0.1.14'
PACKAGE_TARNAME='butt'
PACKAGE_URL=''
PACKAGE_VERSION='0.1.14'
PATH_SEPARATOR=':'
SET_MAKE=''
SHELL='/bin/sh'
STRIP=''
VERSION='0.1.14'
WINDOWS_FALSE=''
WINDOWS_TRUE='#'
XMKMF=''
ac_ct_CC='gcc'
ac_ct_CXX='g++'
am__EXEEXT_FALSE=''
am__EXEEXT_TRUE='#'
am__fastdepCC_FALSE='#'
am__fastdepCC_TRUE=''
am__fastdepCXX_FALSE='#'
am__fastdepCXX_TRUE=''
am__include='include'
am__isrc=''
am__leading_dot='.'
am__nodep='_no'
am__quote=''
am__tar='$${TAR-tar} chof - "$$tardir"'
am__untar='$${TAR-tar} xf -'
bindir='${exec_prefix}/bin'
build_alias=''
datadir='${datarootdir}'
datarootdir='${prefix}/share'
docdir='${datarootdir}/doc/${PACKAGE_TARNAME}'
dvidir='${docdir}'
exec_prefix='${prefix}'
host_alias=''
htmldir='${docdir}'
includedir='${prefix}/include'
infodir='${datarootdir}/info'
install_sh='${SHELL} /Users/tony/src/butt/butt-0.1.14/install-sh'
libdir='${exec_prefix}/lib'
libexecdir='${exec_prefix}/libexec'
localedir='${datarootdir}/locale'
localstatedir='${prefix}/var'
mandir='${datarootdir}/man'
mkdir_p='$(MKDIR_P)'
oldincludedir='/usr/include'
pdfdir='${docdir}'
prefix='/usr/local'
program_transform_name='s,x,x,'
psdir='${docdir}'
sbindir='${exec_prefix}/sbin'
sharedstatedir='${prefix}/com'
sysconfdir='${prefix}/etc'
target_alias=''

## ----------- ##
## confdefs.h. ##
## ----------- ##

/* confdefs.h */
#define PACKAGE_NAME "butt"
#define PACKAGE_TARNAME "butt"
#define PACKAGE_VERSION "0.1.14"
#define PACKAGE_STRING "butt 0.1.14"
#define PACKAGE_BUGREPORT "BUG-REPORT-ADDRESS"
#define PACKAGE_URL ""
#define PACKAGE "butt"
#define VERSION "0.1.14"
#define HAVE_LIBOGG 1
#define HAVE_LIBVORBIS 1
#define HAVE_LIBVORBISENC 1
#define HAVE_LIBOPUS 1
#define HAVE_LIBMP3LAME 1
#define HAVE_LIBFLAC 1
#define HAVE_LIBPORTAUDIO 1
#define HAVE_LIBPTHREAD 1
#define HAVE_LIBSAMPLERATE 1
#define STDC_HEADERS 1
#define HAVE_SYS_TYPES_H 1
#define HAVE_SYS_STAT_H 1
#define HAVE_STDLIB_H 1
#define HAVE_STRING_H 1
#define HAVE_MEMORY_H 1
#define HAVE_STRINGS_H 1
#define HAVE_INTTYPES_H 1
#define HAVE_STDINT_H 1
#define HAVE_UNISTD_H 1
#define HAVE_FCNTL_H 1
#define HAVE_LIMITS_H 1
#define HAVE_NETDB_H 1
#define HAVE_NETINET_IN_H 1
#define HAVE_STDLIB_H 1
#define HAVE_STRING_H 1
#define HAVE_SYS_SOCKET_H 1
#define HAVE_UNISTD_H 1
#define HAVE__BOOL 1
#define HAVE_STDBOOL_H 1
#define HAVE_STDLIB_H 1
#define HAVE_MALLOC 1
#define HAVE_STDLIB_H 1
#define HAVE_REALLOC 1
#define HAVE_GETHOSTBYADDR 1
#define HAVE_GETHOSTBYNAME 1
#define HAVE_MEMSET 1
#define HAVE_POW 1
#define HAVE_SELECT 1
#define HAVE_SOCKET 1
#define HAVE_STRCHR 1
#define HAVE_STRDUP 1
#define HAVE_STRPBRK 1
#define HAVE_STRRCHR 1
#define HAVE_STRSTR 1

configure: exit 0
